[15:39:35] [Server thread/INFO]: TurtleNeckStew64[/[0:0:0:0:0:0:0:1]:3701] logged in with entity id 216 at (-106.6765435336036, 63.1212968405392, -112.02280042795797)
[15:39:35] [Server thread/INFO]: TurtleNeckStew64 joined the game
[15:50:46] [Server thread/INFO]: You whisper to TurtleNeckStew64: vc
[15:51:25] [Server thread/INFO]: sleepy[/127.0.0.1:30500] logged in with entity id 2158 at (-105.7086443187951, 82.0, -138.50615706715277)
[15:51:25] [Server thread/INFO]: sleepy joined the game
[15:58:56] [Server thread/INFO]: NagaTheCutie[/[0:0:0:0:0:0:0:1]:1136] logged in with entity id 3787 at (-120.16167307648227, 62.0, -40.219578209355824)
[15:58:56] [Server thread/INFO]: NagaTheCutie joined the game
[16:06:06] [Server thread/WARN]: NagaTheCutie moved wrongly!
[16:15:56] [Server thread/INFO]: [Not Secure] <sleepy> NAWWWAR
[16:22:45] [Server thread/INFO]: TurtleNeckStew64 has made the advancement [Hot Stuff]
[16:24:01] [Server thread/INFO]: TurtleNeckStew64 tried to swim in lava
[16:24:42] [Server thread/INFO]: TurtleNeckStew64 tried to swim in lava
[16:25:19] [Server thread/INFO]: TurtleNeckStew64 burned to death
[16:32:49] [Server thread/INFO]: TurtleNeckStew64 was slain by Zombie
[16:36:56] [Server thread/INFO]: [Not Secure] <TurtleNeckStew64> lap churn
[16:37:04] [Server thread/INFO]: [Not Secure] <sleepy> lap journ
[16:44:31] [Server thread/INFO]: sleepy fell from a high place
[16:55:29] [Server thread/INFO]: sleepy lost connection: Disconnected
[16:55:29] [Server thread/INFO]: sleepy left the game
[17:02:38] [Server thread/INFO]: NagaTheCutie has made the advancement [A Seedy Place]
[17:26:40] [Server thread/INFO]: TurtleNeckStew64 fell from a high place
[17:36:21] [Server thread/INFO]: TurtleNeckStew64 was blown up by Creeper
[18:08:18] [Server thread/INFO]: sleepy[/127.0.0.1:19643] logged in with entity id 37730 at (-109.69999998807907, 67.0, -128.84009699099184)
[18:08:18] [Server thread/INFO]: sleepy joined the game
[18:08:27] [Server thread/WARN]: Can't keep up! Is the server overloaded? Running 2050ms or 41 ticks behind
[18:14:41] [Server thread/INFO]: sleepy lost connection: Disconnected
[18:14:41] [Server thread/INFO]: sleepy left the game
[18:15:50] [Server thread/INFO]: NagaTheCutie lost connection: Disconnected
[18:15:50] [Server thread/INFO]: NagaTheCutie left the game
[18:19:50] [Server thread/INFO]: sleepy[/127.0.0.1:19927] logged in with entity id 40334 at (-106.5, 62.7125, -118.48000001907349)
[18:19:50] [Server thread/INFO]: sleepy joined the game
[18:19:52] [Server thread/INFO]: TurtleNeckStew64 lost connection: Disconnected
[18:19:52] [Server thread/INFO]: TurtleNeckStew64 left the game
[18:23:52] [Server thread/INFO]: sleepy lost connection: Disconnected
[18:23:52] [Server thread/INFO]: sleepy left the game
[18:32:15] [Server thread/INFO]: NagaTheCutie[/[0:0:0:0:0:0:0:1]:20207] logged in with entity id 41221 at (-89.4196676517709, 61.0, -13.699999988079071)
[18:32:15] [Server thread/INFO]: NagaTheCutie joined the game
[18:37:32] [Server thread/INFO]: TurtleNeckStew64[/[0:0:0:0:0:0:0:1]:20323] logged in with entity id 42410 at (-86.52572320060104, 64.0, -25.4453650284036)
[18:37:32] [Server thread/INFO]: TurtleNeckStew64 joined the game
[18:47:14] [Server thread/WARN]: Mismatch in destroy block pos: class_2338{x=30, y=15, z=-58} class_2338{x=30, y=14, z=-59}
[18:50:47] [Server thread/INFO]: NagaTheCutie burned to death
[18:51:33] [Server thread/INFO]: You whisper to TurtleNeckStew64: i need to restart the server real quick
[18:51:33] [Server thread/INFO]: You whisper to NagaTheCutie: i need to restart the server real quick
[18:51:34] [Server thread/INFO]: TurtleNeckStew64 burned to death
[18:51:42] [Server thread/INFO]: [Not Secure] <NagaTheCutie> NOO
[18:55:02] [Server thread/INFO]: NagaTheCutie burned to death
[18:57:28] [Server thread/INFO]: NagaTheCutie burned to death
[18:58:27] [Server thread/INFO]: sleepy[/127.0.0.1:1058] logged in with entity id 46122 at (-110.07499998807907, 64.0625, -57.21526666181783)
[18:58:28] [Server thread/INFO]: sleepy joined the game
[18:58:34] [Server thread/INFO]: sleepy lost connection: Disconnected
[18:58:34] [Server thread/INFO]: sleepy left the game
[18:58:42] [Server thread/INFO]: Kicked TurtleNeckStew64: Kicked by an operator
[18:58:42] [Server thread/INFO]: Kicked NagaTheCutie: Kicked by an operator
[18:58:43] [Server thread/INFO]: NagaTheCutie lost connection: Kicked by an operator
[18:58:43] [Server thread/INFO]: NagaTheCutie left the game
[18:58:43] [Server thread/INFO]: TurtleNeckStew64 lost connection: Kicked by an operator
[18:58:43] [Server thread/INFO]: TurtleNeckStew64 left the game
[18:58:44] [Server thread/INFO]: Stopping the server
[18:58:44] [Server thread/INFO]: Stopping server
[18:58:44] [Server thread/INFO]: Saving players
[18:58:44] [Server thread/INFO]: Saving worlds
[18:58:47] [Server thread/INFO]: Saving chunks for level 'ServerLevel[world]'/minecraft:overworld
[18:58:47] [Server thread/INFO]: Saving chunks for level 'ServerLevel[world]'/minecraft:the_nether
[18:58:47] [Server thread/INFO]: Saving chunks for level 'ServerLevel[world]'/minecraft:the_end
[18:58:47] [Server thread/INFO]: ThreadedAnvilChunkStorage (world): All chunks are saved
[18:58:47] [Server thread/INFO]: ThreadedAnvilChunkStorage (DIM-1): All chunks are saved
[18:58:47] [Server thread/INFO]: ThreadedAnvilChunkStorage (DIM1): All chunks are saved
[18:58:47] [Server thread/INFO]: ThreadedAnvilChunkStorage: All dimensions are saved
